<?xml version="1.0" encoding="UTF-8"?>
<testsuite name="Cucumber" time="27.407" tests="3" skipped="0" failures="3" errors="0">
<testcase classname="MakerPlace Search functionality validation" name="MultiBrowser Search validation - Example #1.1" time="7.403">
<failure type="java.lang.AssertionError" message="No matching Products were displayed!">
<![CDATA[java.lang.AssertionError: No matching Products were displayed!
	at org.junit.Assert.fail(Assert.java:89)
	at org.junit.Assert.assertTrue(Assert.java:42)
	at steps.SearchStepDefinitions.userShouldLandOnProductsSearchPageAndFindProducts(SearchStepDefinitions.java:45)
	at ✽.User should land on Products Search Page and find "stained glass"(file:///C:/Users/Admin/eclipse-workspace1/SimpleMakerPlaceTest/src/test/resources/features/MakerSearch.feature:37)
]]>
</failure>
<system-out><![CDATA[
Given User is on the "chrome" MakerPlace Home Page..........................passed
When User enters the "stained glass" in the searchBar field.................passed
And User clicks on search button............................................passed
Then User should land on Products Search Page and find "stained glass"......failed
]]></system-out>
</testcase>
<testcase classname="MakerPlace Search functionality validation" name="MultiBrowser Search validation - Example #1.2" time="11.438">
<failure type="java.lang.AssertionError" message="No matching Products were displayed!">
<![CDATA[java.lang.AssertionError: No matching Products were displayed!
	at org.junit.Assert.fail(Assert.java:89)
	at org.junit.Assert.assertTrue(Assert.java:42)
	at steps.SearchStepDefinitions.userShouldLandOnProductsSearchPageAndFindProducts(SearchStepDefinitions.java:45)
	at ✽.User should land on Products Search Page and find "stained glass"(file:///C:/Users/Admin/eclipse-workspace1/SimpleMakerPlaceTest/src/test/resources/features/MakerSearch.feature:37)
]]>
</failure>
<system-out><![CDATA[
Given User is on the "edge" MakerPlace Home Page............................passed
When User enters the "stained glass" in the searchBar field.................passed
And User clicks on search button............................................passed
Then User should land on Products Search Page and find "stained glass"......failed
]]></system-out>
</testcase>
<testcase classname="MakerPlace Search functionality validation" name="MultiBrowser Search validation - Example #1.3" time="8.437">
<failure type="java.lang.AssertionError" message="No matching Products were displayed!">
<![CDATA[java.lang.AssertionError: No matching Products were displayed!
	at org.junit.Assert.fail(Assert.java:89)
	at org.junit.Assert.assertTrue(Assert.java:42)
	at steps.SearchStepDefinitions.userShouldLandOnProductsSearchPageAndFindProducts(SearchStepDefinitions.java:45)
	at ✽.User should land on Products Search Page and find "stained glass"(file:///C:/Users/Admin/eclipse-workspace1/SimpleMakerPlaceTest/src/test/resources/features/MakerSearch.feature:37)
]]>
</failure>
<system-out><![CDATA[
Given User is on the "firefox" MakerPlace Home Page.........................passed
When User enters the "stained glass" in the searchBar field.................passed
And User clicks on search button............................................passed
Then User should land on Products Search Page and find "stained glass"......failed
]]></system-out>
</testcase>
</testsuite>
