<?xml version="1.0" encoding="UTF-8"?>
<testsuite name="Cucumber" time="24.444" tests="3" skipped="0" failures="0" errors="0">
<testcase classname="MakerPlace Search functionality validation" name="MultiBrowser Search validation - Example #1.1" time="8.95">
<system-out><![CDATA[
Given User is on the "chrome" MakerPlace Home Page..........................passed
When User enters the "stained glass" in the searchBar field.................passed
And User clicks on search button............................................passed
Then User should land on Products Search Page and find "stained glass"......passed
]]></system-out>
</testcase>
<testcase classname="MakerPlace Search functionality validation" name="MultiBrowser Search validation - Example #1.2" time="8.122">
<system-out><![CDATA[
Given User is on the "edge" MakerPlace Home Page............................passed
When User enters the "stained glass" in the searchBar field.................passed
And User clicks on search button............................................passed
Then User should land on Products Search Page and find "stained glass"......passed
]]></system-out>
</testcase>
<testcase classname="MakerPlace Search functionality validation" name="MultiBrowser Search validation - Example #1.3" time="7.232">
<system-out><![CDATA[
Given User is on the "firefox" MakerPlace Home Page.........................passed
When User enters the "stained glass" in the searchBar field.................passed
And User clicks on search button............................................passed
Then User should land on Products Search Page and find "stained glass"......passed
]]></system-out>
</testcase>
</testsuite>
